# JRE version: OpenJDK Runtime Environment (21.0.2+13) (build 21.0.2+13-58)
# Java VM: OpenJDK 64-Bit Server VM (21.0.2+13-58, mixed mode, sharing, tiered, compressed oops, compressed class ptrs, g1 gc, bsd-amd64)
Heap:
 garbage-first heap   total 133120K, used 63579K [0x0000000780000000, 0x0000000800000000)
  region size 1024K, 57 young (58368K), 4 survivors (4096K)
 Metaspace       used 7026K, committed 7296K, reserved 1114112K
  class space    used 748K, committed 832K, reserved 1048576K
GC Heap History (20 events):
Event: 696.589 GC heap before
{Heap before GC invocations=6 (full 0):
 garbage-first heap   total 133120K, used 82230K [0x0000000780000000, 0x0000000800000000)
  region size 1024K, 76 young (77824K), 3 survivors (3072K)
 Metaspace       used 7024K, committed 7232K, reserved 1114112K
  class space    used 748K, committed 832K, reserved 1048576K
}
Event: 696.600 GC heap after
{Heap after GC invocations=7 (full 0):
 garbage-first heap   total 133120K, used 7709K [0x0000000780000000, 0x0000000800000000)
  region size 1024K, 3 young (3072K), 3 survivors (3072K)
 Metaspace       used 7024K, committed 7232K, reserved 1114112K
  class space    used 748K, committed 832K, reserved 1048576K
}
Event: 815.025 GC heap before
{Heap before GC invocations=7 (full 0):
 garbage-first heap   total 133120K, used 82461K [0x0000000780000000, 0x0000000800000000)
  region size 1024K, 76 young (77824K), 3 survivors (3072K)
 Metaspace       used 7024K, committed 7232K, reserved 1114112K
  class space    used 748K, committed 832K, reserved 1048576K
}
Event: 815.033 GC heap after
{Heap after GC invocations=8 (full 0):
 garbage-first heap   total 133120K, used 7982K [0x0000000780000000, 0x0000000800000000)
  region size 1024K, 3 young (3072K), 3 survivors (3072K)
 Metaspace       used 7024K, committed 7232K, reserved 1114112K
  class space    used 748K, committed 832K, reserved 1048576K
}
Event: 935.797 GC heap before
{Heap before GC invocations=8 (full 0):
 garbage-first heap   total 133120K, used 82734K [0x0000000780000000, 0x0000000800000000)
  region size 1024K, 76 young (77824K), 3 survivors (3072K)
 Metaspace       used 7024K, committed 7232K, reserved 1114112K
  class space    used 748K, committed 832K, reserved 1048576K
}
Event: 935.805 GC heap after
{Heap after GC invocations=9 (full 0):
 garbage-first heap   total 133120K, used 8058K [0x0000000780000000, 0x0000000800000000)
  region size 1024K, 3 young (3072K), 3 survivors (3072K)
 Metaspace       used 7024K, committed 7232K, reserved 1114112K
  class space    used 748K, committed 832K, reserved 1048576K
}
Event: 1057.922 GC heap before
{Heap before GC invocations=9 (full 0):
 garbage-first heap   total 133120K, used 82810K [0x0000000780000000, 0x0000000800000000)
  region size 1024K, 76 young (77824K), 3 survivors (3072K)
 Metaspace       used 7024K, committed 7232K, reserved 1114112K
  class space    used 748K, committed 832K, reserved 1048576K
}
Event: 1057.930 GC heap after
{Heap after GC invocations=10 (full 0):
 garbage-first heap   total 133120K, used 8645K [0x0000000780000000, 0x0000000800000000)
  region size 1024K, 4 young (4096K), 4 survivors (4096K)
 Metaspace       used 7024K, committed 7232K, reserved 1114112K
  class space    used 748K, committed 832K, reserved 1048576K
}
Event: 1177.459 GC heap before
{Heap before GC invocations=10 (full 0):
 garbage-first heap   total 133120K, used 82373K [0x0000000780000000, 0x0000000800000000)
  region size 1024K, 77 young (78848K), 4 survivors (4096K)
 Metaspace       used 7024K, committed 7232K, reserved 1114112K
  class space    used 748K, committed 832K, reserved 1048576K
}
Event: 1177.468 GC heap after
{Heap after GC invocations=11 (full 0):
 garbage-first heap   total 133120K, used 8873K [0x0000000780000000, 0x0000000800000000)
  region size 1024K, 4 young (4096K), 4 survivors (4096K)
 Metaspace       used 7024K, committed 7232K, reserved 1114112K
  class space    used 748K, committed 832K, reserved 1048576K
}
Event: 1297.253 GC heap before
{Heap before GC invocations=11 (full 0):
 garbage-first heap   total 133120K, used 82601K [0x0000000780000000, 0x0000000800000000)
  region size 1024K, 76 young (77824K), 4 survivors (4096K)
 Metaspace       used 7026K, committed 7296K, reserved 1114112K
  class space    used 748K, committed 832K, reserved 1048576K
}
Event: 1297.260 GC heap after
{Heap after GC invocations=12 (full 0):
 garbage-first heap   total 133120K, used 9117K [0x0000000780000000, 0x0000000800000000)
  region size 1024K, 4 young (4096K), 4 survivors (4096K)
 Metaspace       used 7026K, committed 7296K, reserved 1114112K
  class space    used 748K, committed 832K, reserved 1048576K
}
Event: 1412.750 GC heap before
{Heap before GC invocations=12 (full 0):
 garbage-first heap   total 133120K, used 82845K [0x0000000780000000, 0x0000000800000000)
  region size 1024K, 76 young (77824K), 4 survivors (4096K)
 Metaspace       used 7026K, committed 7296K, reserved 1114112K
  class space    used 748K, committed 832K, reserved 1048576K
}
Event: 1412.759 GC heap after
{Heap after GC invocations=13 (full 0):
 garbage-first heap   total 133120K, used 9178K [0x0000000780000000, 0x0000000800000000)
  region size 1024K, 4 young (4096K), 4 survivors (4096K)
 Metaspace       used 7026K, committed 7296K, reserved 1114112K
  class space    used 748K, committed 832K, reserved 1048576K
}
Event: 1531.589 GC heap before
{Heap before GC invocations=13 (full 0):
 garbage-first heap   total 133120K, used 82906K [0x0000000780000000, 0x0000000800000000)
  region size 1024K, 76 young (77824K), 4 survivors (4096K)
 Metaspace       used 7026K, committed 7296K, reserved 1114112K
  class space    used 748K, committed 832K, reserved 1048576K
}
Event: 1531.598 GC heap after
{Heap after GC invocations=14 (full 0):
 garbage-first heap   total 133120K, used 9456K [0x0000000780000000, 0x0000000800000000)
  region size 1024K, 5 young (5120K), 5 survivors (5120K)
 Metaspace       used 7026K, committed 7296K, reserved 1114112K
  class space    used 748K, committed 832K, reserved 1048576K
}
Event: 1645.347 GC heap before
{Heap before GC invocations=14 (full 0):
 garbage-first heap   total 133120K, used 82160K [0x0000000780000000, 0x0000000800000000)
  region size 1024K, 76 young (77824K), 5 survivors (5120K)
 Metaspace       used 7026K, committed 7296K, reserved 1114112K
  class space    used 748K, committed 832K, reserved 1048576K
}
Event: 1645.354 GC heap after
{Heap after GC invocations=15 (full 0):
 garbage-first heap   total 133120K, used 9835K [0x0000000780000000, 0x0000000800000000)
  region size 1024K, 5 young (5120K), 5 survivors (5120K)
 Metaspace       used 7026K, committed 7296K, reserved 1114112K
  class space    used 748K, committed 832K, reserved 1048576K
}
Event: 1777.953 GC heap before
{Heap before GC invocations=15 (full 0):
 garbage-first heap   total 133120K, used 82539K [0x0000000780000000, 0x0000000800000000)
  region size 1024K, 77 young (78848K), 5 survivors (5120K)
 Metaspace       used 7026K, committed 7296K, reserved 1114112K
  class space    used 748K, committed 832K, reserved 1048576K
}
Event: 1777.964 GC heap after
{Heap after GC invocations=16 (full 0):
 garbage-first heap   total 133120K, used 10237K [0x0000000780000000, 0x0000000800000000)
  region size 1024K, 4 young (4096K), 4 survivors (4096K)
 Metaspace       used 7026K, committed 7296K, reserved 1114112K
  class space    used 748K, committed 832K, reserved 1048576K
}

