# JRE version: OpenJDK Runtime Environment (21.0.2+13) (build 21.0.2+13-58)
# Java VM: OpenJDK 64-Bit Server VM (21.0.2+13-58, mixed mode, sharing, tiered, compressed oops, compressed class ptrs, g1 gc, bsd-amd64)
Heap:
 garbage-first heap   total 133120K, used 56437K [0x0000000780000000, 0x0000000800000000)
  region size 1024K, 39 young (39936K), 1 survivors (1024K)
 Metaspace       used 7631K, committed 7872K, reserved 1114112K
  class space    used 787K, committed 896K, reserved 1048576K
GC Heap History (20 events):
Event: 3252.144 GC heap before
{Heap before GC invocations=2361 (full 0):
 garbage-first heap   total 133120K, used 94307K [0x0000000780000000, 0x0000000800000000)
  region size 1024K, 76 young (77824K), 1 survivors (1024K)
 Metaspace       used 7631K, committed 7872K, reserved 1114112K
  class space    used 787K, committed 896K, reserved 1048576K
}
Event: 3252.145 GC heap after
{Heap after GC invocations=2362 (full 0):
 garbage-first heap   total 133120K, used 17511K [0x0000000780000000, 0x0000000800000000)
  region size 1024K, 1 young (1024K), 1 survivors (1024K)
 Metaspace       used 7631K, committed 7872K, reserved 1114112K
  class space    used 787K, committed 896K, reserved 1048576K
}
Event: 3252.630 GC heap before
{Heap before GC invocations=2362 (full 0):
 garbage-first heap   total 133120K, used 94311K [0x0000000780000000, 0x0000000800000000)
  region size 1024K, 76 young (77824K), 1 survivors (1024K)
 Metaspace       used 7631K, committed 7872K, reserved 1114112K
  class space    used 787K, committed 896K, reserved 1048576K
}
Event: 3252.631 GC heap after
{Heap after GC invocations=2363 (full 0):
 garbage-first heap   total 133120K, used 17509K [0x0000000780000000, 0x0000000800000000)
  region size 1024K, 1 young (1024K), 1 survivors (1024K)
 Metaspace       used 7631K, committed 7872K, reserved 1114112K
  class space    used 787K, committed 896K, reserved 1048576K
}
Event: 3253.122 GC heap before
{Heap before GC invocations=2363 (full 0):
 garbage-first heap   total 133120K, used 94309K [0x0000000780000000, 0x0000000800000000)
  region size 1024K, 76 young (77824K), 1 survivors (1024K)
 Metaspace       used 7631K, committed 7872K, reserved 1114112K
  class space    used 787K, committed 896K, reserved 1048576K
}
Event: 3253.123 GC heap after
{Heap after GC invocations=2364 (full 0):
 garbage-first heap   total 133120K, used 17513K [0x0000000780000000, 0x0000000800000000)
  region size 1024K, 1 young (1024K), 1 survivors (1024K)
 Metaspace       used 7631K, committed 7872K, reserved 1114112K
  class space    used 787K, committed 896K, reserved 1048576K
}
Event: 3253.639 GC heap before
{Heap before GC invocations=2364 (full 0):
 garbage-first heap   total 133120K, used 94313K [0x0000000780000000, 0x0000000800000000)
  region size 1024K, 76 young (77824K), 1 survivors (1024K)
 Metaspace       used 7631K, committed 7872K, reserved 1114112K
  class space    used 787K, committed 896K, reserved 1048576K
}
Event: 3253.640 GC heap after
{Heap after GC invocations=2365 (full 0):
 garbage-first heap   total 133120K, used 17511K [0x0000000780000000, 0x0000000800000000)
  region size 1024K, 1 young (1024K), 1 survivors (1024K)
 Metaspace       used 7631K, committed 7872K, reserved 1114112K
  class space    used 787K, committed 896K, reserved 1048576K
}
Event: 3254.155 GC heap before
{Heap before GC invocations=2365 (full 0):
 garbage-first heap   total 133120K, used 94311K [0x0000000780000000, 0x0000000800000000)
  region size 1024K, 76 young (77824K), 1 survivors (1024K)
 Metaspace       used 7631K, committed 7872K, reserved 1114112K
  class space    used 787K, committed 896K, reserved 1048576K
}
Event: 3254.156 GC heap after
{Heap after GC invocations=2366 (full 0):
 garbage-first heap   total 133120K, used 17519K [0x0000000780000000, 0x0000000800000000)
  region size 1024K, 1 young (1024K), 1 survivors (1024K)
 Metaspace       used 7631K, committed 7872K, reserved 1114112K
  class space    used 787K, committed 896K, reserved 1048576K
}
Event: 3254.659 GC heap before
{Heap before GC invocations=2366 (full 0):
 garbage-first heap   total 133120K, used 94319K [0x0000000780000000, 0x0000000800000000)
  region size 1024K, 76 young (77824K), 1 survivors (1024K)
 Metaspace       used 7631K, committed 7872K, reserved 1114112K
  class space    used 787K, committed 896K, reserved 1048576K
}
Event: 3254.660 GC heap after
{Heap after GC invocations=2367 (full 0):
 garbage-first heap   total 133120K, used 17519K [0x0000000780000000, 0x0000000800000000)
  region size 1024K, 1 young (1024K), 1 survivors (1024K)
 Metaspace       used 7631K, committed 7872K, reserved 1114112K
  class space    used 787K, committed 896K, reserved 1048576K
}
Event: 3255.169 GC heap before
{Heap before GC invocations=2367 (full 0):
 garbage-first heap   total 133120K, used 94319K [0x0000000780000000, 0x0000000800000000)
  region size 1024K, 76 young (77824K), 1 survivors (1024K)
 Metaspace       used 7631K, committed 7872K, reserved 1114112K
  class space    used 787K, committed 896K, reserved 1048576K
}
Event: 3255.170 GC heap after
{Heap after GC invocations=2368 (full 0):
 garbage-first heap   total 133120K, used 17521K [0x0000000780000000, 0x0000000800000000)
  region size 1024K, 1 young (1024K), 1 survivors (1024K)
 Metaspace       used 7631K, committed 7872K, reserved 1114112K
  class space    used 787K, committed 896K, reserved 1048576K
}
Event: 3255.676 GC heap before
{Heap before GC invocations=2368 (full 0):
 garbage-first heap   total 133120K, used 94321K [0x0000000780000000, 0x0000000800000000)
  region size 1024K, 77 young (78848K), 1 survivors (1024K)
 Metaspace       used 7631K, committed 7872K, reserved 1114112K
  class space    used 787K, committed 896K, reserved 1048576K
}
Event: 3255.677 GC heap after
{Heap after GC invocations=2369 (full 0):
 garbage-first heap   total 133120K, used 17523K [0x0000000780000000, 0x0000000800000000)
  region size 1024K, 1 young (1024K), 1 survivors (1024K)
 Metaspace       used 7631K, committed 7872K, reserved 1114112K
  class space    used 787K, committed 896K, reserved 1048576K
}
Event: 3256.190 GC heap before
{Heap before GC invocations=2369 (full 0):
 garbage-first heap   total 133120K, used 94323K [0x0000000780000000, 0x0000000800000000)
  region size 1024K, 76 young (77824K), 1 survivors (1024K)
 Metaspace       used 7631K, committed 7872K, reserved 1114112K
  class space    used 787K, committed 896K, reserved 1048576K
}
Event: 3256.191 GC heap after
{Heap after GC invocations=2370 (full 0):
 garbage-first heap   total 133120K, used 17525K [0x0000000780000000, 0x0000000800000000)
  region size 1024K, 1 young (1024K), 1 survivors (1024K)
 Metaspace       used 7631K, committed 7872K, reserved 1114112K
  class space    used 787K, committed 896K, reserved 1048576K
}
Event: 3256.707 GC heap before
{Heap before GC invocations=2370 (full 0):
 garbage-first heap   total 133120K, used 94325K [0x0000000780000000, 0x0000000800000000)
  region size 1024K, 76 young (77824K), 1 survivors (1024K)
 Metaspace       used 7631K, committed 7872K, reserved 1114112K
  class space    used 787K, committed 896K, reserved 1048576K
}
Event: 3256.707 GC heap after
{Heap after GC invocations=2371 (full 0):
 garbage-first heap   total 133120K, used 17525K [0x0000000780000000, 0x0000000800000000)
  region size 1024K, 1 young (1024K), 1 survivors (1024K)
 Metaspace       used 7631K, committed 7872K, reserved 1114112K
  class space    used 787K, committed 896K, reserved 1048576K
}

