# JRE version: OpenJDK Runtime Environment (21.0.2+13) (build 21.0.2+13-58)
# Java VM: OpenJDK 64-Bit Server VM (21.0.2+13-58, mixed mode, sharing, tiered, compressed oops, compressed class ptrs, g1 gc, bsd-amd64)
Heap:
 garbage-first heap   total 133120K, used 62232K [0x0000000780000000, 0x0000000800000000)
  region size 1024K, 56 young (57344K), 1 survivors (1024K)
 Metaspace       used 7009K, committed 7232K, reserved 1114112K
  class space    used 752K, committed 832K, reserved 1048576K
GC Heap History (20 events):
Event: 2289.089 GC heap before
{Heap before GC invocations=19 (full 0):
 garbage-first heap   total 133120K, used 83132K [0x0000000780000000, 0x0000000800000000)
  region size 1024K, 77 young (78848K), 1 survivors (1024K)
 Metaspace       used 7009K, committed 7232K, reserved 1114112K
  class space    used 752K, committed 832K, reserved 1048576K
}
Event: 2289.095 GC heap after
{Heap after GC invocations=20 (full 0):
 garbage-first heap   total 133120K, used 6332K [0x0000000780000000, 0x0000000800000000)
  region size 1024K, 1 young (1024K), 1 survivors (1024K)
 Metaspace       used 7009K, committed 7232K, reserved 1114112K
  class space    used 752K, committed 832K, reserved 1048576K
}
Event: 2409.647 GC heap before
{Heap before GC invocations=20 (full 0):
 garbage-first heap   total 133120K, used 83132K [0x0000000780000000, 0x0000000800000000)
  region size 1024K, 76 young (77824K), 1 survivors (1024K)
 Metaspace       used 7009K, committed 7232K, reserved 1114112K
  class space    used 752K, committed 832K, reserved 1048576K
}
Event: 2409.650 GC heap after
{Heap after GC invocations=21 (full 0):
 garbage-first heap   total 133120K, used 6330K [0x0000000780000000, 0x0000000800000000)
  region size 1024K, 1 young (1024K), 1 survivors (1024K)
 Metaspace       used 7009K, committed 7232K, reserved 1114112K
  class space    used 752K, committed 832K, reserved 1048576K
}
Event: 2530.121 GC heap before
{Heap before GC invocations=21 (full 0):
 garbage-first heap   total 133120K, used 83130K [0x0000000780000000, 0x0000000800000000)
  region size 1024K, 77 young (78848K), 1 survivors (1024K)
 Metaspace       used 7009K, committed 7232K, reserved 1114112K
  class space    used 752K, committed 832K, reserved 1048576K
}
Event: 2530.124 GC heap after
{Heap after GC invocations=22 (full 0):
 garbage-first heap   total 133120K, used 6334K [0x0000000780000000, 0x0000000800000000)
  region size 1024K, 1 young (1024K), 1 survivors (1024K)
 Metaspace       used 7009K, committed 7232K, reserved 1114112K
  class space    used 752K, committed 832K, reserved 1048576K
}
Event: 2650.340 GC heap before
{Heap before GC invocations=22 (full 0):
 garbage-first heap   total 133120K, used 83134K [0x0000000780000000, 0x0000000800000000)
  region size 1024K, 76 young (77824K), 1 survivors (1024K)
 Metaspace       used 7009K, committed 7232K, reserved 1114112K
  class space    used 752K, committed 832K, reserved 1048576K
}
Event: 2650.345 GC heap after
{Heap after GC invocations=23 (full 0):
 garbage-first heap   total 133120K, used 6332K [0x0000000780000000, 0x0000000800000000)
  region size 1024K, 1 young (1024K), 1 survivors (1024K)
 Metaspace       used 7009K, committed 7232K, reserved 1114112K
  class space    used 752K, committed 832K, reserved 1048576K
}
Event: 2773.915 GC heap before
{Heap before GC invocations=23 (full 0):
 garbage-first heap   total 133120K, used 83132K [0x0000000780000000, 0x0000000800000000)
  region size 1024K, 76 young (77824K), 1 survivors (1024K)
 Metaspace       used 7009K, committed 7232K, reserved 1114112K
  class space    used 752K, committed 832K, reserved 1048576K
}
Event: 2773.923 GC heap after
{Heap after GC invocations=24 (full 0):
 garbage-first heap   total 133120K, used 6334K [0x0000000780000000, 0x0000000800000000)
  region size 1024K, 1 young (1024K), 1 survivors (1024K)
 Metaspace       used 7009K, committed 7232K, reserved 1114112K
  class space    used 752K, committed 832K, reserved 1048576K
}
Event: 2894.405 GC heap before
{Heap before GC invocations=24 (full 0):
 garbage-first heap   total 133120K, used 83134K [0x0000000780000000, 0x0000000800000000)
  region size 1024K, 77 young (78848K), 1 survivors (1024K)
 Metaspace       used 7009K, committed 7232K, reserved 1114112K
  class space    used 752K, committed 832K, reserved 1048576K
}
Event: 2894.408 GC heap after
{Heap after GC invocations=25 (full 0):
 garbage-first heap   total 133120K, used 6334K [0x0000000780000000, 0x0000000800000000)
  region size 1024K, 1 young (1024K), 1 survivors (1024K)
 Metaspace       used 7009K, committed 7232K, reserved 1114112K
  class space    used 752K, committed 832K, reserved 1048576K
}
Event: 3014.991 GC heap before
{Heap before GC invocations=25 (full 0):
 garbage-first heap   total 133120K, used 83134K [0x0000000780000000, 0x0000000800000000)
  region size 1024K, 76 young (77824K), 1 survivors (1024K)
 Metaspace       used 7009K, committed 7232K, reserved 1114112K
  class space    used 752K, committed 832K, reserved 1048576K
}
Event: 3014.996 GC heap after
{Heap after GC invocations=26 (full 0):
 garbage-first heap   total 133120K, used 6328K [0x0000000780000000, 0x0000000800000000)
  region size 1024K, 1 young (1024K), 1 survivors (1024K)
 Metaspace       used 7009K, committed 7232K, reserved 1114112K
  class space    used 752K, committed 832K, reserved 1048576K
}
Event: 3135.843 GC heap before
{Heap before GC invocations=26 (full 0):
 garbage-first heap   total 133120K, used 83128K [0x0000000780000000, 0x0000000800000000)
  region size 1024K, 76 young (77824K), 1 survivors (1024K)
 Metaspace       used 7009K, committed 7232K, reserved 1114112K
  class space    used 752K, committed 832K, reserved 1048576K
}
Event: 3135.845 GC heap after
{Heap after GC invocations=27 (full 0):
 garbage-first heap   total 133120K, used 6330K [0x0000000780000000, 0x0000000800000000)
  region size 1024K, 1 young (1024K), 1 survivors (1024K)
 Metaspace       used 7009K, committed 7232K, reserved 1114112K
  class space    used 752K, committed 832K, reserved 1048576K
}
Event: 3279.919 GC heap before
{Heap before GC invocations=27 (full 0):
 garbage-first heap   total 133120K, used 83130K [0x0000000780000000, 0x0000000800000000)
  region size 1024K, 76 young (77824K), 1 survivors (1024K)
 Metaspace       used 7009K, committed 7232K, reserved 1114112K
  class space    used 752K, committed 832K, reserved 1048576K
}
Event: 3279.923 GC heap after
{Heap after GC invocations=28 (full 0):
 garbage-first heap   total 133120K, used 6332K [0x0000000780000000, 0x0000000800000000)
  region size 1024K, 1 young (1024K), 1 survivors (1024K)
 Metaspace       used 7009K, committed 7232K, reserved 1114112K
  class space    used 752K, committed 832K, reserved 1048576K
}
Event: 3425.894 GC heap before
{Heap before GC invocations=28 (full 0):
 garbage-first heap   total 133120K, used 83132K [0x0000000780000000, 0x0000000800000000)
  region size 1024K, 76 young (77824K), 1 survivors (1024K)
 Metaspace       used 7009K, committed 7232K, reserved 1114112K
  class space    used 752K, committed 832K, reserved 1048576K
}
Event: 3425.897 GC heap after
{Heap after GC invocations=29 (full 0):
 garbage-first heap   total 133120K, used 6328K [0x0000000780000000, 0x0000000800000000)
  region size 1024K, 1 young (1024K), 1 survivors (1024K)
 Metaspace       used 7009K, committed 7232K, reserved 1114112K
  class space    used 752K, committed 832K, reserved 1048576K
}

