# JRE version: OpenJDK Runtime Environment (21.0.2+13) (build 21.0.2+13-58)
# Java VM: OpenJDK 64-Bit Server VM (21.0.2+13-58, mixed mode, sharing, tiered, compressed oops, compressed class ptrs, g1 gc, bsd-amd64)
Heap:
 garbage-first heap   total 133120K, used 17475K [0x0000000780000000, 0x0000000800000000)
  region size 1024K, 13 young (13312K), 2 survivors (2048K)
 Metaspace       used 6960K, committed 7168K, reserved 1114112K
  class space    used 738K, committed 832K, reserved 1048576K
GC Heap History (6 events):
Event: 26.401 GC heap before
{Heap before GC invocations=0 (full 0):
 garbage-first heap   total 133120K, used 28684K [0x0000000780000000, 0x0000000800000000)
  region size 1024K, 23 young (23552K), 0 survivors (0K)
 Metaspace       used 6927K, committed 7104K, reserved 1114112K
  class space    used 737K, committed 832K, reserved 1048576K
}
Event: 26.415 GC heap after
{Heap after GC invocations=1 (full 0):
 garbage-first heap   total 133120K, used 6343K [0x0000000780000000, 0x0000000800000000)
  region size 1024K, 2 young (2048K), 2 survivors (2048K)
 Metaspace       used 6927K, committed 7104K, reserved 1114112K
  class space    used 737K, committed 832K, reserved 1048576K
}
Event: 109.584 GC heap before
{Heap before GC invocations=1 (full 0):
 garbage-first heap   total 133120K, used 59591K [0x0000000780000000, 0x0000000800000000)
  region size 1024K, 54 young (55296K), 2 survivors (2048K)
 Metaspace       used 6957K, committed 7168K, reserved 1114112K
  class space    used 738K, committed 832K, reserved 1048576K
}
Event: 109.596 GC heap after
{Heap after GC invocations=2 (full 0):
 garbage-first heap   total 133120K, used 6467K [0x0000000780000000, 0x0000000800000000)
  region size 1024K, 2 young (2048K), 2 survivors (2048K)
 Metaspace       used 6957K, committed 7168K, reserved 1114112K
  class space    used 738K, committed 832K, reserved 1048576K
}
Event: 229.006 GC heap before
{Heap before GC invocations=2 (full 0):
 garbage-first heap   total 133120K, used 82243K [0x0000000780000000, 0x0000000800000000)
  region size 1024K, 76 young (77824K), 2 survivors (2048K)
 Metaspace       used 6960K, committed 7168K, reserved 1114112K
  class space    used 738K, committed 832K, reserved 1048576K
}
Event: 229.016 GC heap after
{Heap after GC invocations=3 (full 0):
 garbage-first heap   total 133120K, used 6721K [0x0000000780000000, 0x0000000800000000)
  region size 1024K, 2 young (2048K), 2 survivors (2048K)
 Metaspace       used 6960K, committed 7168K, reserved 1114112K
  class space    used 738K, committed 832K, reserved 1048576K
}

