# JRE version: OpenJDK Runtime Environment (21.0.2+13) (build 21.0.2+13-58)
# Java VM: OpenJDK 64-Bit Server VM (21.0.2+13-58, mixed mode, sharing, tiered, compressed oops, compressed class ptrs, g1 gc, bsd-amd64)
Heap:
 garbage-first heap   total 133120K, used 70147K [0x0000000780000000, 0x0000000800000000)
  region size 1024K, 62 young (63488K), 1 survivors (1024K)
 Metaspace       used 7455K, committed 7744K, reserved 1114112K
  class space    used 779K, committed 896K, reserved 1048576K
GC Heap History (20 events):
Event: 438.598 GC heap before
{Heap before GC invocations=74 (full 0):
 garbage-first heap   total 133120K, used 84927K [0x0000000780000000, 0x0000000800000000)
  region size 1024K, 76 young (77824K), 1 survivors (1024K)
 Metaspace       used 7455K, committed 7744K, reserved 1114112K
  class space    used 779K, committed 896K, reserved 1048576K
}
Event: 438.599 GC heap after
{Heap after GC invocations=75 (full 0):
 garbage-first heap   total 133120K, used 8133K [0x0000000780000000, 0x0000000800000000)
  region size 1024K, 1 young (1024K), 1 survivors (1024K)
 Metaspace       used 7455K, committed 7744K, reserved 1114112K
  class space    used 779K, committed 896K, reserved 1048576K
}
Event: 441.630 GC heap before
{Heap before GC invocations=75 (full 0):
 garbage-first heap   total 133120K, used 84933K [0x0000000780000000, 0x0000000800000000)
  region size 1024K, 77 young (78848K), 1 survivors (1024K)
 Metaspace       used 7455K, committed 7744K, reserved 1114112K
  class space    used 779K, committed 896K, reserved 1048576K
}
Event: 441.631 GC heap after
{Heap after GC invocations=76 (full 0):
 garbage-first heap   total 133120K, used 8139K [0x0000000780000000, 0x0000000800000000)
  region size 1024K, 1 young (1024K), 1 survivors (1024K)
 Metaspace       used 7455K, committed 7744K, reserved 1114112K
  class space    used 779K, committed 896K, reserved 1048576K
}
Event: 444.651 GC heap before
{Heap before GC invocations=76 (full 0):
 garbage-first heap   total 133120K, used 84939K [0x0000000780000000, 0x0000000800000000)
  region size 1024K, 76 young (77824K), 1 survivors (1024K)
 Metaspace       used 7455K, committed 7744K, reserved 1114112K
  class space    used 779K, committed 896K, reserved 1048576K
}
Event: 444.652 GC heap after
{Heap after GC invocations=77 (full 0):
 garbage-first heap   total 133120K, used 8151K [0x0000000780000000, 0x0000000800000000)
  region size 1024K, 1 young (1024K), 1 survivors (1024K)
 Metaspace       used 7455K, committed 7744K, reserved 1114112K
  class space    used 779K, committed 896K, reserved 1048576K
}
Event: 447.659 GC heap before
{Heap before GC invocations=77 (full 0):
 garbage-first heap   total 133120K, used 84951K [0x0000000780000000, 0x0000000800000000)
  region size 1024K, 76 young (77824K), 1 survivors (1024K)
 Metaspace       used 7455K, committed 7744K, reserved 1114112K
  class space    used 779K, committed 896K, reserved 1048576K
}
Event: 447.660 GC heap after
{Heap after GC invocations=78 (full 0):
 garbage-first heap   total 133120K, used 8146K [0x0000000780000000, 0x0000000800000000)
  region size 1024K, 1 young (1024K), 1 survivors (1024K)
 Metaspace       used 7455K, committed 7744K, reserved 1114112K
  class space    used 779K, committed 896K, reserved 1048576K
}
Event: 450.671 GC heap before
{Heap before GC invocations=78 (full 0):
 garbage-first heap   total 133120K, used 84946K [0x0000000780000000, 0x0000000800000000)
  region size 1024K, 76 young (77824K), 1 survivors (1024K)
 Metaspace       used 7455K, committed 7744K, reserved 1114112K
  class space    used 779K, committed 896K, reserved 1048576K
}
Event: 450.672 GC heap after
{Heap after GC invocations=79 (full 0):
 garbage-first heap   total 133120K, used 8164K [0x0000000780000000, 0x0000000800000000)
  region size 1024K, 1 young (1024K), 1 survivors (1024K)
 Metaspace       used 7455K, committed 7744K, reserved 1114112K
  class space    used 779K, committed 896K, reserved 1048576K
}
Event: 453.635 GC heap before
{Heap before GC invocations=79 (full 0):
 garbage-first heap   total 133120K, used 84964K [0x0000000780000000, 0x0000000800000000)
  region size 1024K, 76 young (77824K), 1 survivors (1024K)
 Metaspace       used 7455K, committed 7744K, reserved 1114112K
  class space    used 779K, committed 896K, reserved 1048576K
}
Event: 453.636 GC heap after
{Heap after GC invocations=80 (full 0):
 garbage-first heap   total 133120K, used 8171K [0x0000000780000000, 0x0000000800000000)
  region size 1024K, 1 young (1024K), 1 survivors (1024K)
 Metaspace       used 7455K, committed 7744K, reserved 1114112K
  class space    used 779K, committed 896K, reserved 1048576K
}
Event: 456.603 GC heap before
{Heap before GC invocations=80 (full 0):
 garbage-first heap   total 133120K, used 84971K [0x0000000780000000, 0x0000000800000000)
  region size 1024K, 77 young (78848K), 1 survivors (1024K)
 Metaspace       used 7455K, committed 7744K, reserved 1114112K
  class space    used 779K, committed 896K, reserved 1048576K
}
Event: 456.604 GC heap after
{Heap after GC invocations=81 (full 0):
 garbage-first heap   total 133120K, used 8168K [0x0000000780000000, 0x0000000800000000)
  region size 1024K, 1 young (1024K), 1 survivors (1024K)
 Metaspace       used 7455K, committed 7744K, reserved 1114112K
  class space    used 779K, committed 896K, reserved 1048576K
}
Event: 459.562 GC heap before
{Heap before GC invocations=81 (full 0):
 garbage-first heap   total 133120K, used 84968K [0x0000000780000000, 0x0000000800000000)
  region size 1024K, 76 young (77824K), 1 survivors (1024K)
 Metaspace       used 7455K, committed 7744K, reserved 1114112K
  class space    used 779K, committed 896K, reserved 1048576K
}
Event: 459.563 GC heap after
{Heap after GC invocations=82 (full 0):
 garbage-first heap   total 133120K, used 8190K [0x0000000780000000, 0x0000000800000000)
  region size 1024K, 1 young (1024K), 1 survivors (1024K)
 Metaspace       used 7455K, committed 7744K, reserved 1114112K
  class space    used 779K, committed 896K, reserved 1048576K
}
Event: 462.494 GC heap before
{Heap before GC invocations=82 (full 0):
 garbage-first heap   total 133120K, used 84990K [0x0000000780000000, 0x0000000800000000)
  region size 1024K, 77 young (78848K), 1 survivors (1024K)
 Metaspace       used 7455K, committed 7744K, reserved 1114112K
  class space    used 779K, committed 896K, reserved 1048576K
}
Event: 462.495 GC heap after
{Heap after GC invocations=83 (full 0):
 garbage-first heap   total 133120K, used 8189K [0x0000000780000000, 0x0000000800000000)
  region size 1024K, 1 young (1024K), 1 survivors (1024K)
 Metaspace       used 7455K, committed 7744K, reserved 1114112K
  class space    used 779K, committed 896K, reserved 1048576K
}
Event: 465.390 GC heap before
{Heap before GC invocations=83 (full 0):
 garbage-first heap   total 133120K, used 84989K [0x0000000780000000, 0x0000000800000000)
  region size 1024K, 76 young (77824K), 1 survivors (1024K)
 Metaspace       used 7455K, committed 7744K, reserved 1114112K
  class space    used 779K, committed 896K, reserved 1048576K
}
Event: 465.391 GC heap after
{Heap after GC invocations=84 (full 0):
 garbage-first heap   total 133120K, used 8193K [0x0000000780000000, 0x0000000800000000)
  region size 1024K, 1 young (1024K), 1 survivors (1024K)
 Metaspace       used 7455K, committed 7744K, reserved 1114112K
  class space    used 779K, committed 896K, reserved 1048576K
}

