# JRE version: OpenJDK Runtime Environment (21.0.2+13) (build 21.0.2+13-58)
# Java VM: OpenJDK 64-Bit Server VM (21.0.2+13-58, mixed mode, sharing, tiered, compressed oops, compressed class ptrs, g1 gc, bsd-amd64)
Heap:
 garbage-first heap   total 133120K, used 85180K [0x0000000780000000, 0x0000000800000000)
  region size 1024K, 72 young (73728K), 1 survivors (1024K)
 Metaspace       used 7620K, committed 7872K, reserved 1114112K
  class space    used 788K, committed 896K, reserved 1048576K
GC Heap History (20 events):
Event: 1579.145 GC heap before
{Heap before GC invocations=889 (full 0):
 garbage-first heap   total 133120K, used 89229K [0x0000000780000000, 0x0000000800000000)
  region size 1024K, 76 young (77824K), 1 survivors (1024K)
 Metaspace       used 7620K, committed 7872K, reserved 1114112K
  class space    used 788K, committed 896K, reserved 1048576K
}
Event: 1579.146 GC heap after
{Heap after GC invocations=890 (full 0):
 garbage-first heap   total 133120K, used 12433K [0x0000000780000000, 0x0000000800000000)
  region size 1024K, 1 young (1024K), 1 survivors (1024K)
 Metaspace       used 7620K, committed 7872K, reserved 1114112K
  class space    used 788K, committed 896K, reserved 1048576K
}
Event: 1580.015 GC heap before
{Heap before GC invocations=890 (full 0):
 garbage-first heap   total 133120K, used 89233K [0x0000000780000000, 0x0000000800000000)
  region size 1024K, 76 young (77824K), 1 survivors (1024K)
 Metaspace       used 7620K, committed 7872K, reserved 1114112K
  class space    used 788K, committed 896K, reserved 1048576K
}
Event: 1580.016 GC heap after
{Heap after GC invocations=891 (full 0):
 garbage-first heap   total 133120K, used 12438K [0x0000000780000000, 0x0000000800000000)
  region size 1024K, 1 young (1024K), 1 survivors (1024K)
 Metaspace       used 7620K, committed 7872K, reserved 1114112K
  class space    used 788K, committed 896K, reserved 1048576K
}
Event: 1580.892 GC heap before
{Heap before GC invocations=891 (full 0):
 garbage-first heap   total 133120K, used 89238K [0x0000000780000000, 0x0000000800000000)
  region size 1024K, 76 young (77824K), 1 survivors (1024K)
 Metaspace       used 7620K, committed 7872K, reserved 1114112K
  class space    used 788K, committed 896K, reserved 1048576K
}
Event: 1580.893 GC heap after
{Heap after GC invocations=892 (full 0):
 garbage-first heap   total 133120K, used 12438K [0x0000000780000000, 0x0000000800000000)
  region size 1024K, 1 young (1024K), 1 survivors (1024K)
 Metaspace       used 7620K, committed 7872K, reserved 1114112K
  class space    used 788K, committed 896K, reserved 1048576K
}
Event: 1581.760 GC heap before
{Heap before GC invocations=892 (full 0):
 garbage-first heap   total 133120K, used 89238K [0x0000000780000000, 0x0000000800000000)
  region size 1024K, 76 young (77824K), 1 survivors (1024K)
 Metaspace       used 7620K, committed 7872K, reserved 1114112K
  class space    used 788K, committed 896K, reserved 1048576K
}
Event: 1581.761 GC heap after
{Heap after GC invocations=893 (full 0):
 garbage-first heap   total 133120K, used 12450K [0x0000000780000000, 0x0000000800000000)
  region size 1024K, 1 young (1024K), 1 survivors (1024K)
 Metaspace       used 7620K, committed 7872K, reserved 1114112K
  class space    used 788K, committed 896K, reserved 1048576K
}
Event: 1582.629 GC heap before
{Heap before GC invocations=893 (full 0):
 garbage-first heap   total 133120K, used 89250K [0x0000000780000000, 0x0000000800000000)
  region size 1024K, 76 young (77824K), 1 survivors (1024K)
 Metaspace       used 7620K, committed 7872K, reserved 1114112K
  class space    used 788K, committed 896K, reserved 1048576K
}
Event: 1582.631 GC heap after
{Heap after GC invocations=894 (full 0):
 garbage-first heap   total 133120K, used 12458K [0x0000000780000000, 0x0000000800000000)
  region size 1024K, 1 young (1024K), 1 survivors (1024K)
 Metaspace       used 7620K, committed 7872K, reserved 1114112K
  class space    used 788K, committed 896K, reserved 1048576K
}
Event: 1583.495 GC heap before
{Heap before GC invocations=894 (full 0):
 garbage-first heap   total 133120K, used 89258K [0x0000000780000000, 0x0000000800000000)
  region size 1024K, 76 young (77824K), 1 survivors (1024K)
 Metaspace       used 7620K, committed 7872K, reserved 1114112K
  class space    used 788K, committed 896K, reserved 1048576K
}
Event: 1583.496 GC heap after
{Heap after GC invocations=895 (full 0):
 garbage-first heap   total 133120K, used 12458K [0x0000000780000000, 0x0000000800000000)
  region size 1024K, 1 young (1024K), 1 survivors (1024K)
 Metaspace       used 7620K, committed 7872K, reserved 1114112K
  class space    used 788K, committed 896K, reserved 1048576K
}
Event: 1584.359 GC heap before
{Heap before GC invocations=895 (full 0):
 garbage-first heap   total 133120K, used 89258K [0x0000000780000000, 0x0000000800000000)
  region size 1024K, 76 young (77824K), 1 survivors (1024K)
 Metaspace       used 7620K, committed 7872K, reserved 1114112K
  class space    used 788K, committed 896K, reserved 1048576K
}
Event: 1584.360 GC heap after
{Heap after GC invocations=896 (full 0):
 garbage-first heap   total 133120K, used 12466K [0x0000000780000000, 0x0000000800000000)
  region size 1024K, 1 young (1024K), 1 survivors (1024K)
 Metaspace       used 7620K, committed 7872K, reserved 1114112K
  class space    used 788K, committed 896K, reserved 1048576K
}
Event: 1585.223 GC heap before
{Heap before GC invocations=896 (full 0):
 garbage-first heap   total 133120K, used 89266K [0x0000000780000000, 0x0000000800000000)
  region size 1024K, 76 young (77824K), 1 survivors (1024K)
 Metaspace       used 7620K, committed 7872K, reserved 1114112K
  class space    used 788K, committed 896K, reserved 1048576K
}
Event: 1585.224 GC heap after
{Heap after GC invocations=897 (full 0):
 garbage-first heap   total 133120K, used 12472K [0x0000000780000000, 0x0000000800000000)
  region size 1024K, 1 young (1024K), 1 survivors (1024K)
 Metaspace       used 7620K, committed 7872K, reserved 1114112K
  class space    used 788K, committed 896K, reserved 1048576K
}
Event: 1586.090 GC heap before
{Heap before GC invocations=897 (full 0):
 garbage-first heap   total 133120K, used 89272K [0x0000000780000000, 0x0000000800000000)
  region size 1024K, 76 young (77824K), 1 survivors (1024K)
 Metaspace       used 7620K, committed 7872K, reserved 1114112K
  class space    used 788K, committed 896K, reserved 1048576K
}
Event: 1586.091 GC heap after
{Heap after GC invocations=898 (full 0):
 garbage-first heap   total 133120K, used 12476K [0x0000000780000000, 0x0000000800000000)
  region size 1024K, 1 young (1024K), 1 survivors (1024K)
 Metaspace       used 7620K, committed 7872K, reserved 1114112K
  class space    used 788K, committed 896K, reserved 1048576K
}
Event: 1586.949 GC heap before
{Heap before GC invocations=898 (full 0):
 garbage-first heap   total 133120K, used 89276K [0x0000000780000000, 0x0000000800000000)
  region size 1024K, 76 young (77824K), 1 survivors (1024K)
 Metaspace       used 7620K, committed 7872K, reserved 1114112K
  class space    used 788K, committed 896K, reserved 1048576K
}
Event: 1586.950 GC heap after
{Heap after GC invocations=899 (full 0):
 garbage-first heap   total 133120K, used 12476K [0x0000000780000000, 0x0000000800000000)
  region size 1024K, 1 young (1024K), 1 survivors (1024K)
 Metaspace       used 7620K, committed 7872K, reserved 1114112K
  class space    used 788K, committed 896K, reserved 1048576K
}

