# JRE version: OpenJDK Runtime Environment (21.0.1+12) (build 21.0.1+12-29)
# Java VM: OpenJDK 64-Bit Server VM (21.0.1+12-29, mixed mode, sharing, tiered, compressed oops, compressed class ptrs, g1 gc, bsd-amd64)
Heap:
 garbage-first heap   total 133120K, used 80880K [0x0000000780000000, 0x0000000800000000)
  region size 1024K, 62 young (63488K), 1 survivors (1024K)
 Metaspace       used 7928K, committed 8192K, reserved 1114112K
  class space    used 824K, committed 960K, reserved 1048576K
GC Heap History (20 events):
Event: 2742.198 GC heap before
{Heap before GC invocations=2324 (full 0):
 garbage-first heap   total 133120K, used 95693K [0x0000000780000000, 0x0000000800000000)
  region size 1024K, 76 young (77824K), 1 survivors (1024K)
 Metaspace       used 7928K, committed 8192K, reserved 1114112K
  class space    used 824K, committed 960K, reserved 1048576K
}
Event: 2742.199 GC heap after
{Heap after GC invocations=2325 (full 0):
 garbage-first heap   total 133120K, used 18901K [0x0000000780000000, 0x0000000800000000)
  region size 1024K, 1 young (1024K), 1 survivors (1024K)
 Metaspace       used 7928K, committed 8192K, reserved 1114112K
  class space    used 824K, committed 960K, reserved 1048576K
}
Event: 2742.820 GC heap before
{Heap before GC invocations=2325 (full 0):
 garbage-first heap   total 133120K, used 95701K [0x0000000780000000, 0x0000000800000000)
  region size 1024K, 76 young (77824K), 1 survivors (1024K)
 Metaspace       used 7928K, committed 8192K, reserved 1114112K
  class space    used 824K, committed 960K, reserved 1048576K
}
Event: 2742.821 GC heap after
{Heap after GC invocations=2326 (full 0):
 garbage-first heap   total 133120K, used 18897K [0x0000000780000000, 0x0000000800000000)
  region size 1024K, 1 young (1024K), 1 survivors (1024K)
 Metaspace       used 7928K, committed 8192K, reserved 1114112K
  class space    used 824K, committed 960K, reserved 1048576K
}
Event: 2743.554 GC heap before
{Heap before GC invocations=2326 (full 0):
 garbage-first heap   total 133120K, used 95697K [0x0000000780000000, 0x0000000800000000)
  region size 1024K, 76 young (77824K), 1 survivors (1024K)
 Metaspace       used 7928K, committed 8192K, reserved 1114112K
  class space    used 824K, committed 960K, reserved 1048576K
}
Event: 2743.555 GC heap after
{Heap after GC invocations=2327 (full 0):
 garbage-first heap   total 133120K, used 18907K [0x0000000780000000, 0x0000000800000000)
  region size 1024K, 1 young (1024K), 1 survivors (1024K)
 Metaspace       used 7928K, committed 8192K, reserved 1114112K
  class space    used 824K, committed 960K, reserved 1048576K
}
Event: 2744.170 GC heap before
{Heap before GC invocations=2327 (full 0):
 garbage-first heap   total 133120K, used 95707K [0x0000000780000000, 0x0000000800000000)
  region size 1024K, 76 young (77824K), 1 survivors (1024K)
 Metaspace       used 7928K, committed 8192K, reserved 1114112K
  class space    used 824K, committed 960K, reserved 1048576K
}
Event: 2744.170 GC heap after
{Heap after GC invocations=2328 (full 0):
 garbage-first heap   total 133120K, used 18910K [0x0000000780000000, 0x0000000800000000)
  region size 1024K, 1 young (1024K), 1 survivors (1024K)
 Metaspace       used 7928K, committed 8192K, reserved 1114112K
  class space    used 824K, committed 960K, reserved 1048576K
}
Event: 2744.790 GC heap before
{Heap before GC invocations=2328 (full 0):
 garbage-first heap   total 133120K, used 95710K [0x0000000780000000, 0x0000000800000000)
  region size 1024K, 76 young (77824K), 1 survivors (1024K)
 Metaspace       used 7928K, committed 8192K, reserved 1114112K
  class space    used 824K, committed 960K, reserved 1048576K
}
Event: 2744.791 GC heap after
{Heap after GC invocations=2329 (full 0):
 garbage-first heap   total 133120K, used 18910K [0x0000000780000000, 0x0000000800000000)
  region size 1024K, 1 young (1024K), 1 survivors (1024K)
 Metaspace       used 7928K, committed 8192K, reserved 1114112K
  class space    used 824K, committed 960K, reserved 1048576K
}
Event: 2745.406 GC heap before
{Heap before GC invocations=2329 (full 0):
 garbage-first heap   total 133120K, used 95710K [0x0000000780000000, 0x0000000800000000)
  region size 1024K, 77 young (78848K), 1 survivors (1024K)
 Metaspace       used 7928K, committed 8192K, reserved 1114112K
  class space    used 824K, committed 960K, reserved 1048576K
}
Event: 2745.407 GC heap after
{Heap after GC invocations=2330 (full 0):
 garbage-first heap   total 133120K, used 18910K [0x0000000780000000, 0x0000000800000000)
  region size 1024K, 1 young (1024K), 1 survivors (1024K)
 Metaspace       used 7928K, committed 8192K, reserved 1114112K
  class space    used 824K, committed 960K, reserved 1048576K
}
Event: 2746.024 GC heap before
{Heap before GC invocations=2330 (full 0):
 garbage-first heap   total 133120K, used 95710K [0x0000000780000000, 0x0000000800000000)
  region size 1024K, 76 young (77824K), 1 survivors (1024K)
 Metaspace       used 7928K, committed 8192K, reserved 1114112K
  class space    used 824K, committed 960K, reserved 1048576K
}
Event: 2746.025 GC heap after
{Heap after GC invocations=2331 (full 0):
 garbage-first heap   total 133120K, used 18918K [0x0000000780000000, 0x0000000800000000)
  region size 1024K, 1 young (1024K), 1 survivors (1024K)
 Metaspace       used 7928K, committed 8192K, reserved 1114112K
  class space    used 824K, committed 960K, reserved 1048576K
}
Event: 2746.643 GC heap before
{Heap before GC invocations=2331 (full 0):
 garbage-first heap   total 133120K, used 95718K [0x0000000780000000, 0x0000000800000000)
  region size 1024K, 76 young (77824K), 1 survivors (1024K)
 Metaspace       used 7928K, committed 8192K, reserved 1114112K
  class space    used 824K, committed 960K, reserved 1048576K
}
Event: 2746.644 GC heap after
{Heap after GC invocations=2332 (full 0):
 garbage-first heap   total 133120K, used 18920K [0x0000000780000000, 0x0000000800000000)
  region size 1024K, 1 young (1024K), 1 survivors (1024K)
 Metaspace       used 7928K, committed 8192K, reserved 1114112K
  class space    used 824K, committed 960K, reserved 1048576K
}
Event: 2747.260 GC heap before
{Heap before GC invocations=2332 (full 0):
 garbage-first heap   total 133120K, used 95720K [0x0000000780000000, 0x0000000800000000)
  region size 1024K, 76 young (77824K), 1 survivors (1024K)
 Metaspace       used 7928K, committed 8192K, reserved 1114112K
  class space    used 824K, committed 960K, reserved 1048576K
}
Event: 2747.261 GC heap after
{Heap after GC invocations=2333 (full 0):
 garbage-first heap   total 133120K, used 18922K [0x0000000780000000, 0x0000000800000000)
  region size 1024K, 1 young (1024K), 1 survivors (1024K)
 Metaspace       used 7928K, committed 8192K, reserved 1114112K
  class space    used 824K, committed 960K, reserved 1048576K
}
Event: 2747.878 GC heap before
{Heap before GC invocations=2333 (full 0):
 garbage-first heap   total 133120K, used 95722K [0x0000000780000000, 0x0000000800000000)
  region size 1024K, 76 young (77824K), 1 survivors (1024K)
 Metaspace       used 7928K, committed 8192K, reserved 1114112K
  class space    used 824K, committed 960K, reserved 1048576K
}
Event: 2747.879 GC heap after
{Heap after GC invocations=2334 (full 0):
 garbage-first heap   total 133120K, used 18926K [0x0000000780000000, 0x0000000800000000)
  region size 1024K, 1 young (1024K), 1 survivors (1024K)
 Metaspace       used 7928K, committed 8192K, reserved 1114112K
  class space    used 824K, committed 960K, reserved 1048576K
}

