# JRE version: OpenJDK Runtime Environment (21.0.2+13) (build 21.0.2+13-58)
# Java VM: OpenJDK 64-Bit Server VM (21.0.2+13-58, mixed mode, sharing, tiered, compressed oops, compressed class ptrs, g1 gc, bsd-amd64)
Heap:
 garbage-first heap   total 133120K, used 79488K [0x0000000780000000, 0x0000000800000000)
  region size 1024K, 73 young (74752K), 2 survivors (2048K)
 Metaspace       used 7015K, committed 7168K, reserved 1114112K
  class space    used 749K, committed 832K, reserved 1048576K
GC Heap History (6 events):
Event: 30.035 GC heap before
{Heap before GC invocations=0 (full 0):
 garbage-first heap   total 133120K, used 28684K [0x0000000780000000, 0x0000000800000000)
  region size 1024K, 23 young (23552K), 0 survivors (0K)
 Metaspace       used 6983K, committed 7168K, reserved 1114112K
  class space    used 748K, committed 832K, reserved 1048576K
}
Event: 30.052 GC heap after
{Heap after GC invocations=1 (full 0):
 garbage-first heap   total 133120K, used 6343K [0x0000000780000000, 0x0000000800000000)
  region size 1024K, 2 young (2048K), 2 survivors (2048K)
 Metaspace       used 6983K, committed 7168K, reserved 1114112K
  class space    used 748K, committed 832K, reserved 1048576K
}
Event: 110.113 GC heap before
{Heap before GC invocations=1 (full 0):
 garbage-first heap   total 133120K, used 58567K [0x0000000780000000, 0x0000000800000000)
  region size 1024K, 53 young (54272K), 2 survivors (2048K)
 Metaspace       used 7012K, committed 7168K, reserved 1114112K
  class space    used 749K, committed 832K, reserved 1048576K
}
Event: 110.128 GC heap after
{Heap after GC invocations=2 (full 0):
 garbage-first heap   total 133120K, used 6480K [0x0000000780000000, 0x0000000800000000)
  region size 1024K, 2 young (2048K), 2 survivors (2048K)
 Metaspace       used 7012K, committed 7168K, reserved 1114112K
  class space    used 749K, committed 832K, reserved 1048576K
}
Event: 230.616 GC heap before
{Heap before GC invocations=2 (full 0):
 garbage-first heap   total 133120K, used 82256K [0x0000000780000000, 0x0000000800000000)
  region size 1024K, 76 young (77824K), 2 survivors (2048K)
 Metaspace       used 7015K, committed 7168K, reserved 1114112K
  class space    used 749K, committed 832K, reserved 1048576K
}
Event: 230.625 GC heap after
{Heap after GC invocations=3 (full 0):
 garbage-first heap   total 133120K, used 6784K [0x0000000780000000, 0x0000000800000000)
  region size 1024K, 2 young (2048K), 2 survivors (2048K)
 Metaspace       used 7015K, committed 7168K, reserved 1114112K
  class space    used 749K, committed 832K, reserved 1048576K
}

